<?xml version="1.0"?>
<testsuites>
  <testsuite name="PhantomJS 1.9.8 (Linux)" package="" timestamp="2015-01-23T05:50:21" id="0" hostname="rupert-ubuntu32" tests="5" errors="0" failures="0" time="0.003">
    <properties>
      <property name="browser.fullName" value="Mozilla/5.0 (Unknown; Linux i686) AppleWebKit/534.34 (KHTML, like Gecko) PhantomJS/1.9.8 Safari/534.34"/>
    </properties>
    <testcase name="can find PersonRoute" time="0.002" classname="PhantomJS 1.9.8 (Linux)."/>
    <testcase name="validate person with missing firstName will set isValid to false" time="0" classname="PhantomJS 1.9.8 (Linux)."/>
    <testcase name="validate person with missing lastName will set isValid to false" time="0" classname="PhantomJS 1.9.8 (Linux)."/>
    <testcase name="validate person with missing lastName and firstName will set isValid to false" time="0" classname="PhantomJS 1.9.8 (Linux)."/>
    <testcase name="validate person with lastName and firstName will set isValid to true" time="0.001" classname="PhantomJS 1.9.8 (Linux)."/>
    <system-out><![CDATA[PhantomJS 1.9.8 (Linux) DEBUG: 'DEBUG: -------------------------------'
,PhantomJS 1.9.8 (Linux) DEBUG: 'DEBUG: Ember      : 1.9.1'
,PhantomJS 1.9.8 (Linux) DEBUG: 'DEBUG: Handlebars : 2.0.0'
,PhantomJS 1.9.8 (Linux) DEBUG: 'DEBUG: jQuery     : 2.1.3'
,PhantomJS 1.9.8 (Linux) DEBUG: 'DEBUG: -------------------------------'
,PhantomJS 1.9.8 (Linux) LOG: 'Transitioned into 'index''

]]></system-out>
    <system-err/>
  </testsuite>
</testsuites>
