<?xml version="1.0"?>
<testsuites>
  <testsuite name="PhantomJS 1.9.8 (Linux)" package="" timestamp="2015-01-23T13:21:00" id="0" hostname="rupub" tests="5" errors="0" failures="0" time="0.059">
    <properties>
      <property name="browser.fullName" value="Mozilla/5.0 (Unknown; Linux x86_64) AppleWebKit/534.34 (KHTML, like Gecko) PhantomJS/1.9.8 Safari/534.34"/>
    </properties>
    <testcase name="can navigate to PersonRoute" time="0.057" classname="PhantomJS 1.9.8 (Linux)."/>
    <testcase name="validate person with missing firstName will set isValid to false" time="0.001" classname="PhantomJS 1.9.8 (Linux)."/>
    <testcase name="validate person with missing lastName will set isValid to false" time="0" classname="PhantomJS 1.9.8 (Linux)."/>
    <testcase name="validate person with missing lastName and firstName will set isValid to false" time="0" classname="PhantomJS 1.9.8 (Linux)."/>
    <testcase name="validate person with lastName and firstName will set isValid to true" time="0.001" classname="PhantomJS 1.9.8 (Linux)."/>
    <system-out><![CDATA[PhantomJS 1.9.8 (Linux) DEBUG: 'DEBUG: -------------------------------'
,PhantomJS 1.9.8 (Linux) DEBUG: 'DEBUG: Ember      : 1.9.1'
,PhantomJS 1.9.8 (Linux) DEBUG: 'DEBUG: Handlebars : 2.0.0'
,PhantomJS 1.9.8 (Linux) DEBUG: 'DEBUG: jQuery     : 2.1.3'
,PhantomJS 1.9.8 (Linux) DEBUG: 'DEBUG: -------------------------------'
,PhantomJS 1.9.8 (Linux) LOG: 'in after model'
,PhantomJS 1.9.8 (Linux) LOG: 'Transitioned into 'persons.index''

]]></system-out>
    <system-err/>
  </testsuite>
</testsuites>
